[debug] [2026-07-13T16:06:52.042Z] Checked if tokens are valid: false, expires at: 1782422031227
[debug] [2026-07-13T16:06:52.045Z] Checked if tokens are valid: false, expires at: 1782422031227
[debug] [2026-07-13T16:06:52.046Z] > refreshing access token with scopes: []
[debug] [2026-07-13T16:06:52.047Z] >>> [apiv2][query] POST https://www.googleapis.com/oauth2/v3/token [none]
[debug] [2026-07-13T16:06:52.047Z] >>> [apiv2][body] POST https://www.googleapis.com/oauth2/v3/token [omitted]
[debug] [2026-07-13T16:06:52.064Z] Checked if tokens are valid: false, expires at: 1782422031227
[debug] [2026-07-13T16:06:52.065Z] Checked if tokens are valid: false, expires at: 1782422031227
[debug] [2026-07-13T16:06:52.065Z] > refreshing access token with scopes: []
[debug] [2026-07-13T16:06:52.065Z] >>> [apiv2][query] POST https://www.googleapis.com/oauth2/v3/token [none]
[debug] [2026-07-13T16:06:52.065Z] >>> [apiv2][body] POST https://www.googleapis.com/oauth2/v3/token [omitted]
[debug] [2026-07-13T16:06:52.067Z] Checked if tokens are valid: false, expires at: 1782422031227
[debug] [2026-07-13T16:06:52.067Z] Checked if tokens are valid: false, expires at: 1782422031227
[debug] [2026-07-13T16:06:52.067Z] > refreshing access token with scopes: []
[debug] [2026-07-13T16:06:52.068Z] >>> [apiv2][query] POST https://www.googleapis.com/oauth2/v3/token [none]
[debug] [2026-07-13T16:06:52.068Z] >>> [apiv2][body] POST https://www.googleapis.com/oauth2/v3/token [omitted]
[debug] [2026-07-13T16:06:52.069Z] Checked if tokens are valid: false, expires at: 1782422031227
[debug] [2026-07-13T16:06:52.069Z] Checked if tokens are valid: false, expires at: 1782422031227
[debug] [2026-07-13T16:06:52.070Z] > refreshing access token with scopes: []
[debug] [2026-07-13T16:06:52.070Z] >>> [apiv2][query] POST https://www.googleapis.com/oauth2/v3/token [none]
[debug] [2026-07-13T16:06:52.070Z] >>> [apiv2][body] POST https://www.googleapis.com/oauth2/v3/token [omitted]
[debug] [2026-07-13T16:06:52.072Z] Checked if tokens are valid: false, expires at: 1782422031227
[debug] [2026-07-13T16:06:52.072Z] Checked if tokens are valid: false, expires at: 1782422031227
[debug] [2026-07-13T16:06:52.072Z] > refreshing access token with scopes: []
[debug] [2026-07-13T16:06:52.072Z] >>> [apiv2][query] POST https://www.googleapis.com/oauth2/v3/token [none]
[debug] [2026-07-13T16:06:52.072Z] >>> [apiv2][body] POST https://www.googleapis.com/oauth2/v3/token [omitted]
[debug] [2026-07-13T16:06:52.074Z] Checked if tokens are valid: false, expires at: 1782422031227
[debug] [2026-07-13T16:06:52.074Z] Checked if tokens are valid: false, expires at: 1782422031227
[debug] [2026-07-13T16:06:52.074Z] > refreshing access token with scopes: []
[debug] [2026-07-13T16:06:52.075Z] >>> [apiv2][query] POST https://www.googleapis.com/oauth2/v3/token [none]
[debug] [2026-07-13T16:06:52.075Z] >>> [apiv2][body] POST https://www.googleapis.com/oauth2/v3/token [omitted]
[debug] [2026-07-13T16:06:52.082Z] Checked if tokens are valid: false, expires at: 1782422031227
[debug] [2026-07-13T16:06:52.082Z] Checked if tokens are valid: false, expires at: 1782422031227
[debug] [2026-07-13T16:06:52.082Z] > refreshing access token with scopes: []
[debug] [2026-07-13T16:06:52.082Z] >>> [apiv2][query] POST https://www.googleapis.com/oauth2/v3/token [none]
[debug] [2026-07-13T16:06:52.082Z] >>> [apiv2][body] POST https://www.googleapis.com/oauth2/v3/token [omitted]
[debug] [2026-07-13T16:06:52.085Z] Checked if tokens are valid: false, expires at: 1782422031227
[debug] [2026-07-13T16:06:52.085Z] Checked if tokens are valid: false, expires at: 1782422031227
[debug] [2026-07-13T16:06:52.085Z] > refreshing access token with scopes: []
[debug] [2026-07-13T16:06:52.086Z] >>> [apiv2][query] POST https://www.googleapis.com/oauth2/v3/token [none]
[debug] [2026-07-13T16:06:52.086Z] >>> [apiv2][body] POST https://www.googleapis.com/oauth2/v3/token [omitted]
[debug] [2026-07-13T16:06:52.088Z] Checked if tokens are valid: false, expires at: 1782422031227
[debug] [2026-07-13T16:06:52.088Z] Checked if tokens are valid: false, expires at: 1782422031227
[debug] [2026-07-13T16:06:52.089Z] > refreshing access token with scopes: []
[debug] [2026-07-13T16:06:52.089Z] >>> [apiv2][query] POST https://www.googleapis.com/oauth2/v3/token [none]
[debug] [2026-07-13T16:06:52.089Z] >>> [apiv2][body] POST https://www.googleapis.com/oauth2/v3/token [omitted]
[debug] [2026-07-13T16:06:52.370Z] <<< [apiv2][status] POST https://www.googleapis.com/oauth2/v3/token 200
[debug] [2026-07-13T16:06:52.370Z] <<< [apiv2][body] POST https://www.googleapis.com/oauth2/v3/token [omitted]
[debug] [2026-07-13T16:06:52.382Z] >>> [apiv2][query] GET https://serviceusage.googleapis.com/v1/projects/dabubble-74c9b/services/firebaseapphosting.googleapis.com [none]
[debug] [2026-07-13T16:06:52.382Z] >>> [apiv2][(partial)header] GET https://serviceusage.googleapis.com/v1/projects/dabubble-74c9b/services/firebaseapphosting.googleapis.com x-goog-quota-user=projects/dabubble-74c9b
[debug] [2026-07-13T16:06:52.384Z] <<< [apiv2][status] POST https://www.googleapis.com/oauth2/v3/token 200
[debug] [2026-07-13T16:06:52.384Z] <<< [apiv2][body] POST https://www.googleapis.com/oauth2/v3/token [omitted]
[debug] [2026-07-13T16:06:52.393Z] >>> [apiv2][query] GET https://serviceusage.googleapis.com/v1/projects/dabubble-74c9b/services/fcm.googleapis.com [none]
[debug] [2026-07-13T16:06:52.393Z] >>> [apiv2][(partial)header] GET https://serviceusage.googleapis.com/v1/projects/dabubble-74c9b/services/fcm.googleapis.com x-goog-quota-user=projects/dabubble-74c9b
[debug] [2026-07-13T16:06:52.395Z] <<< [apiv2][status] POST https://www.googleapis.com/oauth2/v3/token 200
[debug] [2026-07-13T16:06:52.395Z] <<< [apiv2][body] POST https://www.googleapis.com/oauth2/v3/token [omitted]
[debug] [2026-07-13T16:06:52.403Z] >>> [apiv2][query] GET https://serviceusage.googleapis.com/v1/projects/dabubble-74c9b/services/identitytoolkit.googleapis.com [none]
[debug] [2026-07-13T16:06:52.404Z] >>> [apiv2][(partial)header] GET https://serviceusage.googleapis.com/v1/projects/dabubble-74c9b/services/identitytoolkit.googleapis.com x-goog-quota-user=projects/dabubble-74c9b
[debug] [2026-07-13T16:06:52.406Z] <<< [apiv2][status] POST https://www.googleapis.com/oauth2/v3/token 200
[debug] [2026-07-13T16:06:52.406Z] <<< [apiv2][body] POST https://www.googleapis.com/oauth2/v3/token [omitted]
[debug] [2026-07-13T16:06:52.415Z] >>> [apiv2][query] GET https://serviceusage.googleapis.com/v1/projects/dabubble-74c9b/services/firebasecrashlytics.googleapis.com [none]
[debug] [2026-07-13T16:06:52.415Z] >>> [apiv2][(partial)header] GET https://serviceusage.googleapis.com/v1/projects/dabubble-74c9b/services/firebasecrashlytics.googleapis.com x-goog-quota-user=projects/dabubble-74c9b
[debug] [2026-07-13T16:06:52.417Z] <<< [apiv2][status] POST https://www.googleapis.com/oauth2/v3/token 200
[debug] [2026-07-13T16:06:52.417Z] <<< [apiv2][body] POST https://www.googleapis.com/oauth2/v3/token [omitted]
[debug] [2026-07-13T16:06:52.426Z] >>> [apiv2][query] GET https://serviceusage.googleapis.com/v1/projects/dabubble-74c9b/services/firebaseio.com [none]
[debug] [2026-07-13T16:06:52.426Z] >>> [apiv2][(partial)header] GET https://serviceusage.googleapis.com/v1/projects/dabubble-74c9b/services/firebaseio.com x-goog-quota-user=projects/dabubble-74c9b
[debug] [2026-07-13T16:06:52.427Z] <<< [apiv2][status] POST https://www.googleapis.com/oauth2/v3/token 200
[debug] [2026-07-13T16:06:52.428Z] <<< [apiv2][body] POST https://www.googleapis.com/oauth2/v3/token [omitted]
[debug] [2026-07-13T16:06:52.435Z] >>> [apiv2][query] GET https://serviceusage.googleapis.com/v1/projects/dabubble-74c9b/services/ [none]
[debug] [2026-07-13T16:06:52.435Z] >>> [apiv2][(partial)header] GET https://serviceusage.googleapis.com/v1/projects/dabubble-74c9b/services/ x-goog-quota-user=projects/dabubble-74c9b
[debug] [2026-07-13T16:06:52.436Z] <<< [apiv2][status] POST https://www.googleapis.com/oauth2/v3/token 200
[debug] [2026-07-13T16:06:52.436Z] <<< [apiv2][body] POST https://www.googleapis.com/oauth2/v3/token [omitted]
[debug] [2026-07-13T16:06:52.447Z] >>> [apiv2][query] GET https://serviceusage.googleapis.com/v1/projects/dabubble-74c9b/services/firebaseremoteconfig.googleapis.com [none]
[debug] [2026-07-13T16:06:52.447Z] >>> [apiv2][(partial)header] GET https://serviceusage.googleapis.com/v1/projects/dabubble-74c9b/services/firebaseremoteconfig.googleapis.com x-goog-quota-user=projects/dabubble-74c9b
[debug] [2026-07-13T16:06:52.448Z] <<< [apiv2][status] POST https://www.googleapis.com/oauth2/v3/token 200
[debug] [2026-07-13T16:06:52.448Z] <<< [apiv2][body] POST https://www.googleapis.com/oauth2/v3/token [omitted]
[debug] [2026-07-13T16:06:52.456Z] >>> [apiv2][query] GET https://serviceusage.googleapis.com/v1/projects/dabubble-74c9b/services/storage.googleapis.com [none]
[debug] [2026-07-13T16:06:52.457Z] >>> [apiv2][(partial)header] GET https://serviceusage.googleapis.com/v1/projects/dabubble-74c9b/services/storage.googleapis.com x-goog-quota-user=projects/dabubble-74c9b
[debug] [2026-07-13T16:06:52.712Z] <<< [apiv2][status] POST https://www.googleapis.com/oauth2/v3/token 200
[debug] [2026-07-13T16:06:52.712Z] <<< [apiv2][body] POST https://www.googleapis.com/oauth2/v3/token [omitted]
[debug] [2026-07-13T16:06:52.723Z] >>> [apiv2][query] GET https://serviceusage.googleapis.com/v1/projects/dabubble-74c9b/services/firebasedataconnect.googleapis.com [none]
[debug] [2026-07-13T16:06:52.723Z] >>> [apiv2][(partial)header] GET https://serviceusage.googleapis.com/v1/projects/dabubble-74c9b/services/firebasedataconnect.googleapis.com x-goog-quota-user=projects/dabubble-74c9b
[debug] [2026-07-13T16:06:52.998Z] <<< [apiv2][status] GET https://serviceusage.googleapis.com/v1/projects/dabubble-74c9b/services/fcm.googleapis.com 200
[debug] [2026-07-13T16:06:52.998Z] <<< [apiv2][body] GET https://serviceusage.googleapis.com/v1/projects/dabubble-74c9b/services/fcm.googleapis.com [omitted]
[debug] [2026-07-13T16:06:53.003Z] <<< [apiv2][status] GET https://serviceusage.googleapis.com/v1/projects/dabubble-74c9b/services/firebaseremoteconfig.googleapis.com 200
[debug] [2026-07-13T16:06:53.003Z] <<< [apiv2][body] GET https://serviceusage.googleapis.com/v1/projects/dabubble-74c9b/services/firebaseremoteconfig.googleapis.com [omitted]
[debug] [2026-07-13T16:06:53.008Z] <<< [apiv2][status] GET https://serviceusage.googleapis.com/v1/projects/dabubble-74c9b/services/firebaseapphosting.googleapis.com 200
[debug] [2026-07-13T16:06:53.008Z] <<< [apiv2][body] GET https://serviceusage.googleapis.com/v1/projects/dabubble-74c9b/services/firebaseapphosting.googleapis.com [omitted]
[debug] [2026-07-13T16:06:53.351Z] <<< [apiv2][status] GET https://serviceusage.googleapis.com/v1/projects/dabubble-74c9b/services/firebaseio.com 403
[debug] [2026-07-13T16:06:53.351Z] <<< [apiv2][body] GET https://serviceusage.googleapis.com/v1/projects/dabubble-74c9b/services/firebaseio.com [omitted]
[debug] [2026-07-13T16:06:53.357Z] <<< [apiv2][status] GET https://serviceusage.googleapis.com/v1/projects/dabubble-74c9b/services/firebasedataconnect.googleapis.com 200
[debug] [2026-07-13T16:06:53.357Z] <<< [apiv2][body] GET https://serviceusage.googleapis.com/v1/projects/dabubble-74c9b/services/firebasedataconnect.googleapis.com [omitted]
[debug] [2026-07-13T16:06:53.380Z] <<< [apiv2][status] GET https://serviceusage.googleapis.com/v1/projects/dabubble-74c9b/services/identitytoolkit.googleapis.com 200
[debug] [2026-07-13T16:06:53.380Z] <<< [apiv2][body] GET https://serviceusage.googleapis.com/v1/projects/dabubble-74c9b/services/identitytoolkit.googleapis.com [omitted]
[debug] [2026-07-13T16:06:53.387Z] <<< [apiv2][status] GET https://serviceusage.googleapis.com/v1/projects/dabubble-74c9b/services/firebasecrashlytics.googleapis.com 200
[debug] [2026-07-13T16:06:53.387Z] <<< [apiv2][body] GET https://serviceusage.googleapis.com/v1/projects/dabubble-74c9b/services/firebasecrashlytics.googleapis.com [omitted]
[debug] [2026-07-13T16:06:53.388Z] <<< [apiv2][status] GET https://serviceusage.googleapis.com/v1/projects/dabubble-74c9b/services/storage.googleapis.com 200
[debug] [2026-07-13T16:06:53.388Z] <<< [apiv2][body] GET https://serviceusage.googleapis.com/v1/projects/dabubble-74c9b/services/storage.googleapis.com [omitted]
[debug] [2026-07-13T16:06:53.520Z] <<< [apiv2][status] GET https://serviceusage.googleapis.com/v1/projects/dabubble-74c9b/services/ 200
[debug] [2026-07-13T16:06:53.520Z] <<< [apiv2][body] GET https://serviceusage.googleapis.com/v1/projects/dabubble-74c9b/services/ [omitted]
[debug] [2026-07-15T09:22:01.549Z] Checked if tokens are valid: false, expires at: 1783962411712
[debug] [2026-07-15T09:22:01.552Z] Checked if tokens are valid: false, expires at: 1783962411712
[debug] [2026-07-15T09:22:01.553Z] > refreshing access token with scopes: []
[debug] [2026-07-15T09:22:01.557Z] >>> [apiv2][query] POST https://www.googleapis.com/oauth2/v3/token [none]
[debug] [2026-07-15T09:22:01.557Z] >>> [apiv2][body] POST https://www.googleapis.com/oauth2/v3/token [omitted]
[debug] [2026-07-15T09:22:01.608Z] Checked if tokens are valid: false, expires at: 1783962411712
[debug] [2026-07-15T09:22:01.609Z] Checked if tokens are valid: false, expires at: 1783962411712
[debug] [2026-07-15T09:22:01.609Z] > refreshing access token with scopes: []
[debug] [2026-07-15T09:22:01.609Z] >>> [apiv2][query] POST https://www.googleapis.com/oauth2/v3/token [none]
[debug] [2026-07-15T09:22:01.610Z] >>> [apiv2][body] POST https://www.googleapis.com/oauth2/v3/token [omitted]
[debug] [2026-07-15T09:22:01.680Z] Checked if tokens are valid: false, expires at: 1783962411712
[debug] [2026-07-15T09:22:01.680Z] Checked if tokens are valid: false, expires at: 1783962411712
[debug] [2026-07-15T09:22:01.680Z] > refreshing access token with scopes: []
[debug] [2026-07-15T09:22:01.681Z] >>> [apiv2][query] POST https://www.googleapis.com/oauth2/v3/token [none]
[debug] [2026-07-15T09:22:01.681Z] >>> [apiv2][body] POST https://www.googleapis.com/oauth2/v3/token [omitted]
[debug] [2026-07-15T09:22:01.712Z] Checked if tokens are valid: false, expires at: 1783962411712
[debug] [2026-07-15T09:22:01.712Z] Checked if tokens are valid: false, expires at: 1783962411712
[debug] [2026-07-15T09:22:01.712Z] > refreshing access token with scopes: []
[debug] [2026-07-15T09:22:01.713Z] >>> [apiv2][query] POST https://www.googleapis.com/oauth2/v3/token [none]
[debug] [2026-07-15T09:22:01.713Z] >>> [apiv2][body] POST https://www.googleapis.com/oauth2/v3/token [omitted]
[debug] [2026-07-15T09:22:01.734Z] Checked if tokens are valid: false, expires at: 1783962411712
[debug] [2026-07-15T09:22:01.734Z] Checked if tokens are valid: false, expires at: 1783962411712
[debug] [2026-07-15T09:22:01.734Z] > refreshing access token with scopes: []
[debug] [2026-07-15T09:22:01.735Z] >>> [apiv2][query] POST https://www.googleapis.com/oauth2/v3/token [none]
[debug] [2026-07-15T09:22:01.735Z] >>> [apiv2][body] POST https://www.googleapis.com/oauth2/v3/token [omitted]
[debug] [2026-07-15T09:22:02.107Z] <<< [apiv2][status] POST https://www.googleapis.com/oauth2/v3/token 200
[debug] [2026-07-15T09:22:02.107Z] <<< [apiv2][body] POST https://www.googleapis.com/oauth2/v3/token [omitted]
[debug] [2026-07-15T09:22:02.128Z] >>> [apiv2][query] GET https://serviceusage.googleapis.com/v1/projects/dabubble-74c9b/services/firebaseio.com [none]
[debug] [2026-07-15T09:22:02.129Z] >>> [apiv2][(partial)header] GET https://serviceusage.googleapis.com/v1/projects/dabubble-74c9b/services/firebaseio.com x-goog-quota-user=projects/dabubble-74c9b
[debug] [2026-07-15T09:22:02.131Z] <<< [apiv2][status] POST https://www.googleapis.com/oauth2/v3/token 200
[debug] [2026-07-15T09:22:02.132Z] <<< [apiv2][body] POST https://www.googleapis.com/oauth2/v3/token [omitted]
[debug] [2026-07-15T09:22:02.149Z] >>> [apiv2][query] GET https://serviceusage.googleapis.com/v1/projects/dabubble-74c9b/services/firebasecrashlytics.googleapis.com [none]
[debug] [2026-07-15T09:22:02.149Z] >>> [apiv2][(partial)header] GET https://serviceusage.googleapis.com/v1/projects/dabubble-74c9b/services/firebasecrashlytics.googleapis.com x-goog-quota-user=projects/dabubble-74c9b
[debug] [2026-07-15T09:22:02.155Z] <<< [apiv2][status] POST https://www.googleapis.com/oauth2/v3/token 200
[debug] [2026-07-15T09:22:02.155Z] <<< [apiv2][body] POST https://www.googleapis.com/oauth2/v3/token [omitted]
[debug] [2026-07-15T09:22:02.174Z] >>> [apiv2][query] GET https://serviceusage.googleapis.com/v1/projects/dabubble-74c9b/services/ [none]
[debug] [2026-07-15T09:22:02.174Z] >>> [apiv2][(partial)header] GET https://serviceusage.googleapis.com/v1/projects/dabubble-74c9b/services/ x-goog-quota-user=projects/dabubble-74c9b
[debug] [2026-07-15T09:22:02.178Z] <<< [apiv2][status] POST https://www.googleapis.com/oauth2/v3/token 200
[debug] [2026-07-15T09:22:02.178Z] <<< [apiv2][body] POST https://www.googleapis.com/oauth2/v3/token [omitted]
[debug] [2026-07-15T09:22:02.195Z] >>> [apiv2][query] GET https://serviceusage.googleapis.com/v1/projects/dabubble-74c9b/services/firebasedataconnect.googleapis.com [none]
[debug] [2026-07-15T09:22:02.195Z] >>> [apiv2][(partial)header] GET https://serviceusage.googleapis.com/v1/projects/dabubble-74c9b/services/firebasedataconnect.googleapis.com x-goog-quota-user=projects/dabubble-74c9b
[debug] [2026-07-15T09:22:02.200Z] <<< [apiv2][status] POST https://www.googleapis.com/oauth2/v3/token 200
[debug] [2026-07-15T09:22:02.200Z] <<< [apiv2][body] POST https://www.googleapis.com/oauth2/v3/token [omitted]
[debug] [2026-07-15T09:22:02.227Z] >>> [apiv2][query] GET https://serviceusage.googleapis.com/v1/projects/dabubble-74c9b/services/firebaseapphosting.googleapis.com [none]
[debug] [2026-07-15T09:22:02.227Z] >>> [apiv2][(partial)header] GET https://serviceusage.googleapis.com/v1/projects/dabubble-74c9b/services/firebaseapphosting.googleapis.com x-goog-quota-user=projects/dabubble-74c9b
[debug] [2026-07-15T09:22:02.709Z] <<< [apiv2][status] GET https://serviceusage.googleapis.com/v1/projects/dabubble-74c9b/services/firebasecrashlytics.googleapis.com 200
[debug] [2026-07-15T09:22:02.709Z] <<< [apiv2][body] GET https://serviceusage.googleapis.com/v1/projects/dabubble-74c9b/services/firebasecrashlytics.googleapis.com [omitted]
[debug] [2026-07-15T09:22:02.709Z] <<< [apiv2][status] GET https://serviceusage.googleapis.com/v1/projects/dabubble-74c9b/services/firebasedataconnect.googleapis.com 200
[debug] [2026-07-15T09:22:02.709Z] <<< [apiv2][body] GET https://serviceusage.googleapis.com/v1/projects/dabubble-74c9b/services/firebasedataconnect.googleapis.com [omitted]
[debug] [2026-07-15T09:22:02.710Z] <<< [apiv2][status] GET https://serviceusage.googleapis.com/v1/projects/dabubble-74c9b/services/firebaseapphosting.googleapis.com 200
[debug] [2026-07-15T09:22:02.710Z] <<< [apiv2][body] GET https://serviceusage.googleapis.com/v1/projects/dabubble-74c9b/services/firebaseapphosting.googleapis.com [omitted]
[debug] [2026-07-15T09:22:02.991Z] <<< [apiv2][status] GET https://serviceusage.googleapis.com/v1/projects/dabubble-74c9b/services/ 200
[debug] [2026-07-15T09:22:02.991Z] <<< [apiv2][body] GET https://serviceusage.googleapis.com/v1/projects/dabubble-74c9b/services/ [omitted]
[debug] [2026-07-15T09:22:03.069Z] <<< [apiv2][status] GET https://serviceusage.googleapis.com/v1/projects/dabubble-74c9b/services/firebaseio.com 403
[debug] [2026-07-15T09:22:03.069Z] <<< [apiv2][body] GET https://serviceusage.googleapis.com/v1/projects/dabubble-74c9b/services/firebaseio.com [omitted]
[debug] [2026-07-15T21:39:07.149Z] Checked if tokens are valid: false, expires at: 1784110921200
[debug] [2026-07-15T21:39:07.150Z] Checked if tokens are valid: false, expires at: 1784110921200
[debug] [2026-07-15T21:39:07.151Z] > refreshing access token with scopes: []
[debug] [2026-07-15T21:39:07.152Z] >>> [apiv2][query] POST https://www.googleapis.com/oauth2/v3/token [none]
[debug] [2026-07-15T21:39:07.153Z] >>> [apiv2][body] POST https://www.googleapis.com/oauth2/v3/token [omitted]
[debug] [2026-07-15T21:39:07.169Z] Checked if tokens are valid: false, expires at: 1784110921200
[debug] [2026-07-15T21:39:07.169Z] Checked if tokens are valid: false, expires at: 1784110921200
[debug] [2026-07-15T21:39:07.169Z] > refreshing access token with scopes: []
[debug] [2026-07-15T21:39:07.169Z] >>> [apiv2][query] POST https://www.googleapis.com/oauth2/v3/token [none]
[debug] [2026-07-15T21:39:07.170Z] >>> [apiv2][body] POST https://www.googleapis.com/oauth2/v3/token [omitted]
[debug] [2026-07-15T21:39:07.173Z] Checked if tokens are valid: false, expires at: 1784110921200
[debug] [2026-07-15T21:39:07.174Z] Checked if tokens are valid: false, expires at: 1784110921200
[debug] [2026-07-15T21:39:07.174Z] > refreshing access token with scopes: []
[debug] [2026-07-15T21:39:07.174Z] >>> [apiv2][query] POST https://www.googleapis.com/oauth2/v3/token [none]
[debug] [2026-07-15T21:39:07.174Z] >>> [apiv2][body] POST https://www.googleapis.com/oauth2/v3/token [omitted]
[debug] [2026-07-15T21:39:07.176Z] Checked if tokens are valid: false, expires at: 1784110921200
[debug] [2026-07-15T21:39:07.176Z] Checked if tokens are valid: false, expires at: 1784110921200
[debug] [2026-07-15T21:39:07.177Z] > refreshing access token with scopes: []
[debug] [2026-07-15T21:39:07.177Z] >>> [apiv2][query] POST https://www.googleapis.com/oauth2/v3/token [none]
[debug] [2026-07-15T21:39:07.177Z] >>> [apiv2][body] POST https://www.googleapis.com/oauth2/v3/token [omitted]
[debug] [2026-07-15T21:39:07.179Z] Checked if tokens are valid: false, expires at: 1784110921200
[debug] [2026-07-15T21:39:07.180Z] Checked if tokens are valid: false, expires at: 1784110921200
[debug] [2026-07-15T21:39:07.180Z] > refreshing access token with scopes: []
[debug] [2026-07-15T21:39:07.180Z] >>> [apiv2][query] POST https://www.googleapis.com/oauth2/v3/token [none]
[debug] [2026-07-15T21:39:07.180Z] >>> [apiv2][body] POST https://www.googleapis.com/oauth2/v3/token [omitted]
[debug] [2026-07-15T21:39:07.237Z] Checked if tokens are valid: false, expires at: 1784110921200
[debug] [2026-07-15T21:39:07.237Z] Checked if tokens are valid: false, expires at: 1784110921200
[debug] [2026-07-15T21:39:07.237Z] > refreshing access token with scopes: []
[debug] [2026-07-15T21:39:07.238Z] >>> [apiv2][query] POST https://www.googleapis.com/oauth2/v3/token [none]
[debug] [2026-07-15T21:39:07.238Z] >>> [apiv2][body] POST https://www.googleapis.com/oauth2/v3/token [omitted]
[debug] [2026-07-15T21:39:07.242Z] Checked if tokens are valid: false, expires at: 1784110921200
[debug] [2026-07-15T21:39:07.242Z] Checked if tokens are valid: false, expires at: 1784110921200
[debug] [2026-07-15T21:39:07.242Z] > refreshing access token with scopes: []
[debug] [2026-07-15T21:39:07.242Z] >>> [apiv2][query] POST https://www.googleapis.com/oauth2/v3/token [none]
[debug] [2026-07-15T21:39:07.242Z] >>> [apiv2][body] POST https://www.googleapis.com/oauth2/v3/token [omitted]
[debug] [2026-07-15T21:39:07.247Z] Checked if tokens are valid: false, expires at: 1784110921200
[debug] [2026-07-15T21:39:07.247Z] Checked if tokens are valid: false, expires at: 1784110921200
[debug] [2026-07-15T21:39:07.247Z] > refreshing access token with scopes: []
[debug] [2026-07-15T21:39:07.247Z] >>> [apiv2][query] POST https://www.googleapis.com/oauth2/v3/token [none]
[debug] [2026-07-15T21:39:07.248Z] >>> [apiv2][body] POST https://www.googleapis.com/oauth2/v3/token [omitted]
[debug] [2026-07-15T21:39:07.250Z] Checked if tokens are valid: false, expires at: 1784110921200
[debug] [2026-07-15T21:39:07.250Z] Checked if tokens are valid: false, expires at: 1784110921200
[debug] [2026-07-15T21:39:07.250Z] > refreshing access token with scopes: []
[debug] [2026-07-15T21:39:07.251Z] >>> [apiv2][query] POST https://www.googleapis.com/oauth2/v3/token [none]
[debug] [2026-07-15T21:39:07.251Z] >>> [apiv2][body] POST https://www.googleapis.com/oauth2/v3/token [omitted]
[debug] [2026-07-15T21:39:07.253Z] Checked if tokens are valid: false, expires at: 1784110921200
[debug] [2026-07-15T21:39:07.253Z] Checked if tokens are valid: false, expires at: 1784110921200
[debug] [2026-07-15T21:39:07.253Z] > refreshing access token with scopes: []
[debug] [2026-07-15T21:39:07.253Z] >>> [apiv2][query] POST https://www.googleapis.com/oauth2/v3/token [none]
[debug] [2026-07-15T21:39:07.253Z] >>> [apiv2][body] POST https://www.googleapis.com/oauth2/v3/token [omitted]
[debug] [2026-07-15T21:39:07.740Z] <<< [apiv2][status] POST https://www.googleapis.com/oauth2/v3/token 200
[debug] [2026-07-15T21:39:07.740Z] <<< [apiv2][body] POST https://www.googleapis.com/oauth2/v3/token [omitted]
[debug] [2026-07-15T21:39:07.754Z] >>> [apiv2][query] GET https://serviceusage.googleapis.com/v1/projects/dabubble-74c9b/services/ [none]
[debug] [2026-07-15T21:39:07.754Z] >>> [apiv2][(partial)header] GET https://serviceusage.googleapis.com/v1/projects/dabubble-74c9b/services/ x-goog-quota-user=projects/dabubble-74c9b
[debug] [2026-07-15T21:39:07.756Z] <<< [apiv2][status] POST https://www.googleapis.com/oauth2/v3/token 200
[debug] [2026-07-15T21:39:07.756Z] <<< [apiv2][body] POST https://www.googleapis.com/oauth2/v3/token [omitted]
[debug] [2026-07-15T21:39:07.769Z] >>> [apiv2][query] GET https://serviceusage.googleapis.com/v1/projects/dabubble-74c9b/services/firebasecrashlytics.googleapis.com [none]
[debug] [2026-07-15T21:39:07.769Z] >>> [apiv2][(partial)header] GET https://serviceusage.googleapis.com/v1/projects/dabubble-74c9b/services/firebasecrashlytics.googleapis.com x-goog-quota-user=projects/dabubble-74c9b
[debug] [2026-07-15T21:39:07.770Z] <<< [apiv2][status] POST https://www.googleapis.com/oauth2/v3/token 200
[debug] [2026-07-15T21:39:07.770Z] <<< [apiv2][body] POST https://www.googleapis.com/oauth2/v3/token [omitted]
[debug] [2026-07-15T21:39:07.781Z] >>> [apiv2][query] GET https://serviceusage.googleapis.com/v1/projects/dabubble-74c9b/services/firebaseapphosting.googleapis.com [none]
[debug] [2026-07-15T21:39:07.781Z] >>> [apiv2][(partial)header] GET https://serviceusage.googleapis.com/v1/projects/dabubble-74c9b/services/firebaseapphosting.googleapis.com x-goog-quota-user=projects/dabubble-74c9b
[debug] [2026-07-15T21:39:07.782Z] <<< [apiv2][status] POST https://www.googleapis.com/oauth2/v3/token 200
[debug] [2026-07-15T21:39:07.782Z] <<< [apiv2][body] POST https://www.googleapis.com/oauth2/v3/token [omitted]
[debug] [2026-07-15T21:39:07.795Z] >>> [apiv2][query] GET https://serviceusage.googleapis.com/v1/projects/dabubble-74c9b/services/firebaseio.com [none]
[debug] [2026-07-15T21:39:07.795Z] >>> [apiv2][(partial)header] GET https://serviceusage.googleapis.com/v1/projects/dabubble-74c9b/services/firebaseio.com x-goog-quota-user=projects/dabubble-74c9b
[debug] [2026-07-15T21:39:07.797Z] <<< [apiv2][status] POST https://www.googleapis.com/oauth2/v3/token 200
[debug] [2026-07-15T21:39:07.797Z] <<< [apiv2][body] POST https://www.googleapis.com/oauth2/v3/token [omitted]
[debug] [2026-07-15T21:39:07.809Z] >>> [apiv2][query] GET https://serviceusage.googleapis.com/v1/projects/dabubble-74c9b/services/firebasecrashlytics.googleapis.com [none]
[debug] [2026-07-15T21:39:07.809Z] >>> [apiv2][(partial)header] GET https://serviceusage.googleapis.com/v1/projects/dabubble-74c9b/services/firebasecrashlytics.googleapis.com x-goog-quota-user=projects/dabubble-74c9b
[debug] [2026-07-15T21:39:07.812Z] <<< [apiv2][status] POST https://www.googleapis.com/oauth2/v3/token 200
[debug] [2026-07-15T21:39:07.812Z] <<< [apiv2][body] POST https://www.googleapis.com/oauth2/v3/token [omitted]
[debug] [2026-07-15T21:39:07.825Z] >>> [apiv2][query] GET https://serviceusage.googleapis.com/v1/projects/dabubble-74c9b/services/ [none]
[debug] [2026-07-15T21:39:07.826Z] >>> [apiv2][(partial)header] GET https://serviceusage.googleapis.com/v1/projects/dabubble-74c9b/services/ x-goog-quota-user=projects/dabubble-74c9b
[debug] [2026-07-15T21:39:07.827Z] <<< [apiv2][status] POST https://www.googleapis.com/oauth2/v3/token 200
[debug] [2026-07-15T21:39:07.827Z] <<< [apiv2][body] POST https://www.googleapis.com/oauth2/v3/token [omitted]
[debug] [2026-07-15T21:39:07.839Z] >>> [apiv2][query] GET https://serviceusage.googleapis.com/v1/projects/dabubble-74c9b/services/firebaseio.com [none]
[debug] [2026-07-15T21:39:07.840Z] >>> [apiv2][(partial)header] GET https://serviceusage.googleapis.com/v1/projects/dabubble-74c9b/services/firebaseio.com x-goog-quota-user=projects/dabubble-74c9b
[debug] [2026-07-15T21:39:07.844Z] <<< [apiv2][status] POST https://www.googleapis.com/oauth2/v3/token 200
[debug] [2026-07-15T21:39:07.844Z] <<< [apiv2][body] POST https://www.googleapis.com/oauth2/v3/token [omitted]
[debug] [2026-07-15T21:39:07.856Z] >>> [apiv2][query] GET https://serviceusage.googleapis.com/v1/projects/dabubble-74c9b/services/firebaseapphosting.googleapis.com [none]
[debug] [2026-07-15T21:39:07.856Z] >>> [apiv2][(partial)header] GET https://serviceusage.googleapis.com/v1/projects/dabubble-74c9b/services/firebaseapphosting.googleapis.com x-goog-quota-user=projects/dabubble-74c9b
[debug] [2026-07-15T21:39:07.858Z] <<< [apiv2][status] POST https://www.googleapis.com/oauth2/v3/token 200
[debug] [2026-07-15T21:39:07.858Z] <<< [apiv2][body] POST https://www.googleapis.com/oauth2/v3/token [omitted]
[debug] [2026-07-15T21:39:07.873Z] >>> [apiv2][query] GET https://serviceusage.googleapis.com/v1/projects/dabubble-74c9b/services/firebasedataconnect.googleapis.com [none]
[debug] [2026-07-15T21:39:07.873Z] >>> [apiv2][(partial)header] GET https://serviceusage.googleapis.com/v1/projects/dabubble-74c9b/services/firebasedataconnect.googleapis.com x-goog-quota-user=projects/dabubble-74c9b
[debug] [2026-07-15T21:39:08.129Z] <<< [apiv2][status] POST https://www.googleapis.com/oauth2/v3/token 200
[debug] [2026-07-15T21:39:08.129Z] <<< [apiv2][body] POST https://www.googleapis.com/oauth2/v3/token [omitted]
[debug] [2026-07-15T21:39:08.143Z] >>> [apiv2][query] GET https://serviceusage.googleapis.com/v1/projects/dabubble-74c9b/services/firebasedataconnect.googleapis.com [none]
[debug] [2026-07-15T21:39:08.143Z] >>> [apiv2][(partial)header] GET https://serviceusage.googleapis.com/v1/projects/dabubble-74c9b/services/firebasedataconnect.googleapis.com x-goog-quota-user=projects/dabubble-74c9b
[debug] [2026-07-15T21:39:08.160Z] <<< [apiv2][status] GET https://serviceusage.googleapis.com/v1/projects/dabubble-74c9b/services/firebaseio.com 403
[debug] [2026-07-15T21:39:08.161Z] <<< [apiv2][body] GET https://serviceusage.googleapis.com/v1/projects/dabubble-74c9b/services/firebaseio.com [omitted]
[debug] [2026-07-15T21:39:08.368Z] <<< [apiv2][status] GET https://serviceusage.googleapis.com/v1/projects/dabubble-74c9b/services/firebaseapphosting.googleapis.com 200
[debug] [2026-07-15T21:39:08.368Z] <<< [apiv2][body] GET https://serviceusage.googleapis.com/v1/projects/dabubble-74c9b/services/firebaseapphosting.googleapis.com [omitted]
[debug] [2026-07-15T21:39:08.369Z] <<< [apiv2][status] GET https://serviceusage.googleapis.com/v1/projects/dabubble-74c9b/services/firebasedataconnect.googleapis.com 200
[debug] [2026-07-15T21:39:08.369Z] <<< [apiv2][body] GET https://serviceusage.googleapis.com/v1/projects/dabubble-74c9b/services/firebasedataconnect.googleapis.com [omitted]
[debug] [2026-07-15T21:39:08.423Z] <<< [apiv2][status] GET https://serviceusage.googleapis.com/v1/projects/dabubble-74c9b/services/firebasecrashlytics.googleapis.com 200
[debug] [2026-07-15T21:39:08.423Z] <<< [apiv2][body] GET https://serviceusage.googleapis.com/v1/projects/dabubble-74c9b/services/firebasecrashlytics.googleapis.com [omitted]
[debug] [2026-07-15T21:39:08.744Z] <<< [apiv2][status] GET https://serviceusage.googleapis.com/v1/projects/dabubble-74c9b/services/firebaseio.com 403
[debug] [2026-07-15T21:39:08.744Z] <<< [apiv2][body] GET https://serviceusage.googleapis.com/v1/projects/dabubble-74c9b/services/firebaseio.com [omitted]
[debug] [2026-07-15T21:39:08.747Z] <<< [apiv2][status] GET https://serviceusage.googleapis.com/v1/projects/dabubble-74c9b/services/firebaseapphosting.googleapis.com 200
[debug] [2026-07-15T21:39:08.747Z] <<< [apiv2][body] GET https://serviceusage.googleapis.com/v1/projects/dabubble-74c9b/services/firebaseapphosting.googleapis.com [omitted]
[debug] [2026-07-15T21:39:08.793Z] <<< [apiv2][status] GET https://serviceusage.googleapis.com/v1/projects/dabubble-74c9b/services/ 200
[debug] [2026-07-15T21:39:08.793Z] <<< [apiv2][body] GET https://serviceusage.googleapis.com/v1/projects/dabubble-74c9b/services/ [omitted]
[debug] [2026-07-15T21:39:08.799Z] <<< [apiv2][status] GET https://serviceusage.googleapis.com/v1/projects/dabubble-74c9b/services/firebasecrashlytics.googleapis.com 200
[debug] [2026-07-15T21:39:08.799Z] <<< [apiv2][body] GET https://serviceusage.googleapis.com/v1/projects/dabubble-74c9b/services/firebasecrashlytics.googleapis.com [omitted]
[debug] [2026-07-15T21:39:08.809Z] > command requires scopes: ["email","openid","https://www.googleapis.com/auth/cloudplatformprojects.readonly","https://www.googleapis.com/auth/firebase","https://www.googleapis.com/auth/cloud-platform"]
[debug] [2026-07-15T21:39:08.809Z] > authorizing via signed-in user (svenhaaseausmuch@gmail.com)
[debug] [2026-07-15T21:39:08.838Z] > command requires scopes: ["email","openid","https://www.googleapis.com/auth/cloudplatformprojects.readonly","https://www.googleapis.com/auth/firebase","https://www.googleapis.com/auth/cloud-platform"]
[debug] [2026-07-15T21:39:08.838Z] > authorizing via signed-in user (svenhaaseausmuch@gmail.com)
[debug] [2026-07-15T21:39:08.853Z] > command requires scopes: ["email","openid","https://www.googleapis.com/auth/cloudplatformprojects.readonly","https://www.googleapis.com/auth/firebase","https://www.googleapis.com/auth/cloud-platform"]
[debug] [2026-07-15T21:39:08.853Z] > authorizing via signed-in user (svenhaaseausmuch@gmail.com)
[debug] [2026-07-15T21:39:09.062Z] <<< [apiv2][status] GET https://serviceusage.googleapis.com/v1/projects/dabubble-74c9b/services/ 200
[debug] [2026-07-15T21:39:09.062Z] <<< [apiv2][body] GET https://serviceusage.googleapis.com/v1/projects/dabubble-74c9b/services/ [omitted]
[debug] [2026-07-15T21:39:09.123Z] <<< [apiv2][status] GET https://serviceusage.googleapis.com/v1/projects/dabubble-74c9b/services/firebasedataconnect.googleapis.com 200
[debug] [2026-07-15T21:39:09.123Z] <<< [apiv2][body] GET https://serviceusage.googleapis.com/v1/projects/dabubble-74c9b/services/firebasedataconnect.googleapis.com [omitted]
